=== Déploiement lancé à Tue Sep 23 12:41:19 EDT 2025 ===
Ajout des fichiers...
Commit en cours...
Author identity unknown

*** Please tell me who you are.

Run

  git config --global user.email "you@example.com"
  git config --global user.name "Your Name"

to set your account's default identity.
Omit --global to set the identity only in this repository.

fatal: unable to auto-detect email address (got 'u0_a369@localhost.(none)')
Push vers GitHub...
To https://github.com/novafused-dev/NovaFused-web.git
 ! [rejected]        main -> main (fetch first)
error: failed to push some refs to 'https://github.com/novafused-dev/NovaFused-web.git'
hint: Updates were rejected because the remote contains work that you do not
hint: have locally. This is usually caused by another repository pushing to
hint: the same ref. If you want to integrate the remote changes, use
hint: 'git pull' before pushing again.
hint: See the 'Note about fast-forwards' in 'git push --help' for details.
=== Fin du déploiement ===
/data/data/com.termux/files/usr/bin/sh: 1: /data/data/com.termux/files/home/NovaFused-web/deploy.sh: not found
/data/data/com.termux/files/usr/bin/sh: 1: /data/data/com.termux/files/home/NovaFused-web/deploy.sh: Permission denied
=== Déploiement lancé à 2025-09-23 14:11:00 ===
Modifications locales détectées, commit automatique...
[main 2bfd606] Auto commit before rebase
 2 files changed, 41 insertions(+), 36 deletions(-)
Pull avec rebase...
error: cannot pull with rebase: You have unstaged changes.
error: Please commit or stash them.
Push vers GitHub...
remote: This repository moved. Please use the new location:        
remote:   https://github.com/novafused-dev/novafused-web.git        
To https://github.com/novafused-dev/NovaFused-web.git
   5938a5b..2bfd606  main -> main
=== Déploiement terminé avec succès ===
=== Déploiement lancé à 2025-09-23 15:00:00 ===
fatal: not in a git directory
fatal: not in a git directory
Modifications locales détectées, commit automatique...
